# JRE version: OpenJDK Runtime Environment Temurin-17.0.13+11 (17.0.13+11) (build 17.0.13+11)
# Java VM: OpenJDK 64-Bit Server VM Temurin-17.0.13+11 (17.0.13+11, mixed mode, tiered, compressed oops, compressed class ptrs, parallel gc, windows-amd64)
GC Precious Log:
 CPUs: 8 total, 8 available
 Memory: 16251M
 Large Page Support: Disabled
 NUMA Support: Disabled
 Compressed Oops: Enabled (32-bit)
 Alignments: Space 512K, Generation 512K, Heap 2M
 Heap Min Capacity: 100M
 Heap Initial Capacity: 100M
 Heap Max Capacity: 1G
 Pre-touch: Disabled
 Parallel Workers: 8
Heap:
 PSYoungGen      total 6144K, used 995K [0x00000000eab00000, 0x00000000eb280000, 0x0000000100000000)
  eden space 5120K, 0% used [0x00000000eab00000,0x00000000eab00000,0x00000000eb000000)
  from space 1024K, 97% used [0x00000000eb080000,0x00000000eb178ef8,0x00000000eb180000)
  to   space 1024K, 0% used [0x00000000eb180000,0x00000000eb180000,0x00000000eb280000)
 ParOldGen       total 135168K, used 128381K [0x00000000c0000000, 0x00000000c8400000, 0x00000000eab00000)
  object space 135168K, 94% used [0x00000000c0000000,0x00000000c7d5f6f0,0x00000000c8400000)
 Metaspace       used 66166K, committed 67200K, reserved 1114112K
  class space    used 7034K, committed 7488K, reserved 1048576K
GC Heap History (20 events):
Event: 12.029 GC heap after
{Heap after GC invocations=84 (full 5):
 PSYoungGen      total 5120K, used 1003K [0x00000000eab00000, 0x00000000eb400000, 0x0000000100000000)
  eden space 4096K, 0% used [0x00000000eab00000,0x00000000eab00000,0x00000000eaf00000)
  from space 1024K, 97% used [0x00000000eaf00000,0x00000000eaffadf0,0x00000000eb000000)
  to   space 2048K, 0% used [0x00000000eb200000,0x00000000eb200000,0x00000000eb400000)
 ParOldGen       total 135168K, used 117834K [0x00000000c0000000, 0x00000000c8400000, 0x00000000eab00000)
  object space 135168K, 87% used [0x00000000c0000000,0x00000000c7312990,0x00000000c8400000)
 Metaspace       used 64529K, committed 65600K, reserved 1114112K
  class space    used 6865K, committed 7296K, reserved 1048576K
}
Event: 12.045 GC heap before
{Heap before GC invocations=85 (full 5):
 PSYoungGen      total 5120K, used 5099K [0x00000000eab00000, 0x00000000eb400000, 0x0000000100000000)
  eden space 4096K, 100% used [0x00000000eab00000,0x00000000eaf00000,0x00000000eaf00000)
  from space 1024K, 97% used [0x00000000eaf00000,0x00000000eaffadf0,0x00000000eb000000)
  to   space 2048K, 0% used [0x00000000eb200000,0x00000000eb200000,0x00000000eb400000)
 ParOldGen       total 135168K, used 117834K [0x00000000c0000000, 0x00000000c8400000, 0x00000000eab00000)
  object space 135168K, 87% used [0x00000000c0000000,0x00000000c7312990,0x00000000c8400000)
 Metaspace       used 64551K, committed 65664K, reserved 1114112K
  class space    used 6867K, committed 7296K, reserved 1048576K
}
Event: 12.047 GC heap after
{Heap after GC invocations=85 (full 5):
 PSYoungGen      total 6144K, used 1011K [0x00000000eab00000, 0x00000000eb300000, 0x0000000100000000)
  eden space 5120K, 0% used [0x00000000eab00000,0x00000000eab00000,0x00000000eb000000)
  from space 1024K, 98% used [0x00000000eb200000,0x00000000eb2fce78,0x00000000eb300000)
  to   space 1536K, 0% used [0x00000000eb000000,0x00000000eb000000,0x00000000eb180000)
 ParOldGen       total 135168K, used 118714K [0x00000000c0000000, 0x00000000c8400000, 0x00000000eab00000)
  object space 135168K, 87% used [0x00000000c0000000,0x00000000c73ee958,0x00000000c8400000)
 Metaspace       used 64551K, committed 65664K, reserved 1114112K
  class space    used 6867K, committed 7296K, reserved 1048576K
}
Event: 12.069 GC heap before
{Heap before GC invocations=86 (full 5):
 PSYoungGen      total 6144K, used 6131K [0x00000000eab00000, 0x00000000eb300000, 0x0000000100000000)
  eden space 5120K, 100% used [0x00000000eab00000,0x00000000eb000000,0x00000000eb000000)
  from space 1024K, 98% used [0x00000000eb200000,0x00000000eb2fce78,0x00000000eb300000)
  to   space 1536K, 0% used [0x00000000eb000000,0x00000000eb000000,0x00000000eb180000)
 ParOldGen       total 135168K, used 118714K [0x00000000c0000000, 0x00000000c8400000, 0x00000000eab00000)
  object space 135168K, 87% used [0x00000000c0000000,0x00000000c73ee958,0x00000000c8400000)
 Metaspace       used 64741K, committed 65856K, reserved 1114112K
  class space    used 6877K, committed 7360K, reserved 1048576K
}
Event: 12.071 GC heap after
{Heap after GC invocations=86 (full 5):
 PSYoungGen      total 6656K, used 1356K [0x00000000eab00000, 0x00000000eb300000, 0x0000000100000000)
  eden space 5120K, 0% used [0x00000000eab00000,0x00000000eab00000,0x00000000eb000000)
  from space 1536K, 88% used [0x00000000eb000000,0x00000000eb1530f0,0x00000000eb180000)
  to   space 1536K, 0% used [0x00000000eb180000,0x00000000eb180000,0x00000000eb300000)
 ParOldGen       total 135168K, used 119575K [0x00000000c0000000, 0x00000000c8400000, 0x00000000eab00000)
  object space 135168K, 88% used [0x00000000c0000000,0x00000000c74c5e18,0x00000000c8400000)
 Metaspace       used 64741K, committed 65856K, reserved 1114112K
  class space    used 6877K, committed 7360K, reserved 1048576K
}
Event: 12.097 GC heap before
{Heap before GC invocations=87 (full 5):
 PSYoungGen      total 6656K, used 6476K [0x00000000eab00000, 0x00000000eb300000, 0x0000000100000000)
  eden space 5120K, 100% used [0x00000000eab00000,0x00000000eb000000,0x00000000eb000000)
  from space 1536K, 88% used [0x00000000eb000000,0x00000000eb1530f0,0x00000000eb180000)
  to   space 1536K, 0% used [0x00000000eb180000,0x00000000eb180000,0x00000000eb300000)
 ParOldGen       total 135168K, used 119575K [0x00000000c0000000, 0x00000000c8400000, 0x00000000eab00000)
  object space 135168K, 88% used [0x00000000c0000000,0x00000000c74c5e18,0x00000000c8400000)
 Metaspace       used 65007K, committed 66112K, reserved 1114112K
  class space    used 6913K, committed 7360K, reserved 1048576K
}
Event: 12.099 GC heap after
{Heap after GC invocations=87 (full 5):
 PSYoungGen      total 6656K, used 1196K [0x00000000eab00000, 0x00000000eb300000, 0x0000000100000000)
  eden space 5120K, 0% used [0x00000000eab00000,0x00000000eab00000,0x00000000eb000000)
  from space 1536K, 77% used [0x00000000eb180000,0x00000000eb2ab1b0,0x00000000eb300000)
  to   space 1536K, 0% used [0x00000000eb000000,0x00000000eb000000,0x00000000eb180000)
 ParOldGen       total 135168K, used 120669K [0x00000000c0000000, 0x00000000c8400000, 0x00000000eab00000)
  object space 135168K, 89% used [0x00000000c0000000,0x00000000c75d7768,0x00000000c8400000)
 Metaspace       used 65007K, committed 66112K, reserved 1114112K
  class space    used 6913K, committed 7360K, reserved 1048576K
}
Event: 12.119 GC heap before
{Heap before GC invocations=88 (full 5):
 PSYoungGen      total 6656K, used 6316K [0x00000000eab00000, 0x00000000eb300000, 0x0000000100000000)
  eden space 5120K, 100% used [0x00000000eab00000,0x00000000eb000000,0x00000000eb000000)
  from space 1536K, 77% used [0x00000000eb180000,0x00000000eb2ab1b0,0x00000000eb300000)
  to   space 1536K, 0% used [0x00000000eb000000,0x00000000eb000000,0x00000000eb180000)
 ParOldGen       total 135168K, used 120669K [0x00000000c0000000, 0x00000000c8400000, 0x00000000eab00000)
  object space 135168K, 89% used [0x00000000c0000000,0x00000000c75d7768,0x00000000c8400000)
 Metaspace       used 65071K, committed 66176K, reserved 1114112K
  class space    used 6921K, committed 7360K, reserved 1048576K
}
Event: 12.121 GC heap after
{Heap after GC invocations=88 (full 5):
 PSYoungGen      total 6656K, used 1224K [0x00000000eab00000, 0x00000000eb300000, 0x0000000100000000)
  eden space 5120K, 0% used [0x00000000eab00000,0x00000000eab00000,0x00000000eb000000)
  from space 1536K, 79% used [0x00000000eb000000,0x00000000eb132238,0x00000000eb180000)
  to   space 1536K, 0% used [0x00000000eb180000,0x00000000eb180000,0x00000000eb300000)
 ParOldGen       total 135168K, used 121653K [0x00000000c0000000, 0x00000000c8400000, 0x00000000eab00000)
  object space 135168K, 90% used [0x00000000c0000000,0x00000000c76cd430,0x00000000c8400000)
 Metaspace       used 65071K, committed 66176K, reserved 1114112K
  class space    used 6921K, committed 7360K, reserved 1048576K
}
Event: 12.139 GC heap before
{Heap before GC invocations=89 (full 5):
 PSYoungGen      total 6656K, used 6314K [0x00000000eab00000, 0x00000000eb300000, 0x0000000100000000)
  eden space 5120K, 99% used [0x00000000eab00000,0x00000000eaff8930,0x00000000eb000000)
  from space 1536K, 79% used [0x00000000eb000000,0x00000000eb132238,0x00000000eb180000)
  to   space 1536K, 0% used [0x00000000eb180000,0x00000000eb180000,0x00000000eb300000)
 ParOldGen       total 135168K, used 121653K [0x00000000c0000000, 0x00000000c8400000, 0x00000000eab00000)
  object space 135168K, 90% used [0x00000000c0000000,0x00000000c76cd430,0x00000000c8400000)
 Metaspace       used 65167K, committed 66176K, reserved 1114112K
  class space    used 6935K, committed 7360K, reserved 1048576K
}
Event: 12.141 GC heap after
{Heap after GC invocations=89 (full 5):
 PSYoungGen      total 6656K, used 1111K [0x00000000eab00000, 0x00000000eb300000, 0x0000000100000000)
  eden space 5120K, 0% used [0x00000000eab00000,0x00000000eab00000,0x00000000eb000000)
  from space 1536K, 72% used [0x00000000eb180000,0x00000000eb295e28,0x00000000eb300000)
  to   space 1536K, 0% used [0x00000000eb000000,0x00000000eb000000,0x00000000eb180000)
 ParOldGen       total 135168K, used 122713K [0x00000000c0000000, 0x00000000c8400000, 0x00000000eab00000)
  object space 135168K, 90% used [0x00000000c0000000,0x00000000c77d67d0,0x00000000c8400000)
 Metaspace       used 65167K, committed 66176K, reserved 1114112K
  class space    used 6935K, committed 7360K, reserved 1048576K
}
Event: 12.160 GC heap before
{Heap before GC invocations=90 (full 5):
 PSYoungGen      total 6656K, used 6230K [0x00000000eab00000, 0x00000000eb300000, 0x0000000100000000)
  eden space 5120K, 99% used [0x00000000eab00000,0x00000000eafffb28,0x00000000eb000000)
  from space 1536K, 72% used [0x00000000eb180000,0x00000000eb295e28,0x00000000eb300000)
  to   space 1536K, 0% used [0x00000000eb000000,0x00000000eb000000,0x00000000eb180000)
 ParOldGen       total 135168K, used 122713K [0x00000000c0000000, 0x00000000c8400000, 0x00000000eab00000)
  object space 135168K, 90% used [0x00000000c0000000,0x00000000c77d67d0,0x00000000c8400000)
 Metaspace       used 65351K, committed 66432K, reserved 1114112K
  class space    used 6944K, committed 7424K, reserved 1048576K
}
Event: 12.161 GC heap after
{Heap after GC invocations=90 (full 5):
 PSYoungGen      total 6656K, used 1091K [0x00000000eab00000, 0x00000000eb300000, 0x0000000100000000)
  eden space 5120K, 0% used [0x00000000eab00000,0x00000000eab00000,0x00000000eb000000)
  from space 1536K, 71% used [0x00000000eb000000,0x00000000eb110fe8,0x00000000eb180000)
  to   space 1536K, 0% used [0x00000000eb180000,0x00000000eb180000,0x00000000eb300000)
 ParOldGen       total 135168K, used 123708K [0x00000000c0000000, 0x00000000c8400000, 0x00000000eab00000)
  object space 135168K, 91% used [0x00000000c0000000,0x00000000c78cf050,0x00000000c8400000)
 Metaspace       used 65351K, committed 66432K, reserved 1114112K
  class space    used 6944K, committed 7424K, reserved 1048576K
}
Event: 12.176 GC heap before
{Heap before GC invocations=91 (full 5):
 PSYoungGen      total 6656K, used 6211K [0x00000000eab00000, 0x00000000eb300000, 0x0000000100000000)
  eden space 5120K, 100% used [0x00000000eab00000,0x00000000eb000000,0x00000000eb000000)
  from space 1536K, 71% used [0x00000000eb000000,0x00000000eb110fe8,0x00000000eb180000)
  to   space 1536K, 0% used [0x00000000eb180000,0x00000000eb180000,0x00000000eb300000)
 ParOldGen       total 135168K, used 123708K [0x00000000c0000000, 0x00000000c8400000, 0x00000000eab00000)
  object space 135168K, 91% used [0x00000000c0000000,0x00000000c78cf050,0x00000000c8400000)
 Metaspace       used 65499K, committed 66560K, reserved 1114112K
  class space    used 6971K, committed 7424K, reserved 1048576K
}
Event: 12.178 GC heap after
{Heap after GC invocations=91 (full 5):
 PSYoungGen      total 6656K, used 1172K [0x00000000eab00000, 0x00000000eb300000, 0x0000000100000000)
  eden space 5120K, 0% used [0x00000000eab00000,0x00000000eab00000,0x00000000eb000000)
  from space 1536K, 76% used [0x00000000eb180000,0x00000000eb2a5318,0x00000000eb300000)
  to   space 1536K, 0% used [0x00000000eb000000,0x00000000eb000000,0x00000000eb180000)
 ParOldGen       total 135168K, used 124628K [0x00000000c0000000, 0x00000000c8400000, 0x00000000eab00000)
  object space 135168K, 92% used [0x00000000c0000000,0x00000000c79b50d0,0x00000000c8400000)
 Metaspace       used 65499K, committed 66560K, reserved 1114112K
  class space    used 6971K, committed 7424K, reserved 1048576K
}
Event: 12.205 GC heap before
{Heap before GC invocations=92 (full 5):
 PSYoungGen      total 6656K, used 6292K [0x00000000eab00000, 0x00000000eb300000, 0x0000000100000000)
  eden space 5120K, 100% used [0x00000000eab00000,0x00000000eb000000,0x00000000eb000000)
  from space 1536K, 76% used [0x00000000eb180000,0x00000000eb2a5318,0x00000000eb300000)
  to   space 1536K, 0% used [0x00000000eb000000,0x00000000eb000000,0x00000000eb180000)
 ParOldGen       total 135168K, used 124628K [0x00000000c0000000, 0x00000000c8400000, 0x00000000eab00000)
  object space 135168K, 92% used [0x00000000c0000000,0x00000000c79b50d0,0x00000000c8400000)
 Metaspace       used 65671K, committed 66752K, reserved 1114112K
  class space    used 6980K, committed 7424K, reserved 1048576K
}
Event: 12.208 GC heap after
{Heap after GC invocations=92 (full 5):
 PSYoungGen      total 6656K, used 1122K [0x00000000eab00000, 0x00000000eb300000, 0x0000000100000000)
  eden space 5120K, 0% used [0x00000000eab00000,0x00000000eab00000,0x00000000eb000000)
  from space 1536K, 73% used [0x00000000eb000000,0x00000000eb118958,0x00000000eb180000)
  to   space 1536K, 0% used [0x00000000eb180000,0x00000000eb180000,0x00000000eb300000)
 ParOldGen       total 135168K, used 125641K [0x00000000c0000000, 0x00000000c8400000, 0x00000000eab00000)
  object space 135168K, 92% used [0x00000000c0000000,0x00000000c7ab2500,0x00000000c8400000)
 Metaspace       used 65671K, committed 66752K, reserved 1114112K
  class space    used 6980K, committed 7424K, reserved 1048576K
}
Event: 12.397 GC heap before
{Heap before GC invocations=93 (full 5):
 PSYoungGen      total 6656K, used 6242K [0x00000000eab00000, 0x00000000eb300000, 0x0000000100000000)
  eden space 5120K, 100% used [0x00000000eab00000,0x00000000eb000000,0x00000000eb000000)
  from space 1536K, 73% used [0x00000000eb000000,0x00000000eb118958,0x00000000eb180000)
  to   space 1536K, 0% used [0x00000000eb180000,0x00000000eb180000,0x00000000eb300000)
 ParOldGen       total 135168K, used 125641K [0x00000000c0000000, 0x00000000c8400000, 0x00000000eab00000)
  object space 135168K, 92% used [0x00000000c0000000,0x00000000c7ab2500,0x00000000c8400000)
 Metaspace       used 66015K, committed 67072K, reserved 1114112K
  class space    used 7018K, committed 7488K, reserved 1048576K
}
Event: 12.399 GC heap after
{Heap after GC invocations=93 (full 5):
 PSYoungGen      total 6144K, used 848K [0x00000000eab00000, 0x00000000eb280000, 0x0000000100000000)
  eden space 5120K, 0% used [0x00000000eab00000,0x00000000eab00000,0x00000000eb000000)
  from space 1024K, 82% used [0x00000000eb180000,0x00000000eb254010,0x00000000eb280000)
  to   space 1024K, 0% used [0x00000000eb080000,0x00000000eb080000,0x00000000eb180000)
 ParOldGen       total 135168K, used 126566K [0x00000000c0000000, 0x00000000c8400000, 0x00000000eab00000)
  object space 135168K, 93% used [0x00000000c0000000,0x00000000c7b99840,0x00000000c8400000)
 Metaspace       used 66015K, committed 67072K, reserved 1114112K
  class space    used 7018K, committed 7488K, reserved 1048576K
}
Event: 12.421 GC heap before
{Heap before GC invocations=94 (full 5):
 PSYoungGen      total 6144K, used 5268K [0x00000000eab00000, 0x00000000eb280000, 0x0000000100000000)
  eden space 5120K, 86% used [0x00000000eab00000,0x00000000eaf511f8,0x00000000eb000000)
  from space 1024K, 82% used [0x00000000eb180000,0x00000000eb254010,0x00000000eb280000)
  to   space 1024K, 0% used [0x00000000eb080000,0x00000000eb080000,0x00000000eb180000)
 ParOldGen       total 135168K, used 126566K [0x00000000c0000000, 0x00000000c8400000, 0x00000000eab00000)
  object space 135168K, 93% used [0x00000000c0000000,0x00000000c7b99840,0x00000000c8400000)
 Metaspace       used 66166K, committed 67200K, reserved 1114112K
  class space    used 7034K, committed 7488K, reserved 1048576K
}

